11:27:26.088 [main] INFO  TestCases.TC1_Login - **** Login Application Logs ***
11:27:26.094 [main] INFO  TestCases.TC1_Login - **** Start the testcase login ***
11:27:26.734 [main] INFO  TestCases.TC1_Login - * Username Enterd done *
11:27:26.962 [main] INFO  TestCases.TC1_Login - * Password Enterd done *
11:27:29.216 [main] INFO  TestCases.TC1_Login - * click on the login button *
11:30:44.878 [main] DEBUG TestCases.TC1_Login - **** Application Debuging started ***
11:30:44.886 [main] INFO  TestCases.TC1_Login - **** Login Application Logs ***
11:30:44.887 [main] INFO  TestCases.TC1_Login - **** Start the testcase login ***
11:30:45.259 [main] INFO  TestCases.TC1_Login - * Username Enterd done *
11:30:45.473 [main] INFO  TestCases.TC1_Login - * Password Enterd done *
11:30:46.905 [main] INFO  TestCases.TC1_Login - * click on the login button *
11:23:50.724 [main] INFO  TestCases.TC1_Login - **** Login Application Logs ***
11:23:50.731 [main] INFO  TestCases.TC1_Login - **** Start the testcase login ***
11:23:51.098 [main] INFO  TestCases.TC1_Login - * Username Enterd done *
11:23:51.860 [main] INFO  TestCases.TC1_Login - * Password Enterd done *
11:23:54.252 [main] INFO  TestCases.TC1_Login - * click on the login button *
11:44:18.445 [main] INFO  TestCases.TC1_Login - **** Login Application Logs ***
11:44:18.451 [main] INFO  TestCases.TC1_Login - **** Start the testcase login ***
11:44:18.962 [main] INFO  TestCases.TC1_Login - * Username Enterd done *
11:44:19.216 [main] INFO  TestCases.TC1_Login - * Password Enterd done *
11:44:21.157 [main] INFO  TestCases.TC1_Login - * click on the login button *
11:45:44.178 [main] INFO  TestCases.TC1_Login - **** Login Application Logs ***
11:45:44.182 [main] INFO  TestCases.TC1_Login - **** Start the testcase login ***
11:45:44.452 [main] INFO  TestCases.TC1_Login - * Username Enterd done *
11:45:44.643 [main] INFO  TestCases.TC1_Login - * Password Enterd done *
11:45:45.941 [main] INFO  TestCases.TC1_Login - * click on the login button *
11:48:14.830 [main] INFO  TestCases.TC1_Login - **** Login Application Logs ***
11:48:14.835 [main] INFO  TestCases.TC1_Login - **** Start the testcase login ***
11:48:15.348 [main] INFO  TestCases.TC1_Login - * Username Enterd done *
11:48:15.613 [main] INFO  TestCases.TC1_Login - * Password Enterd done *
11:48:16.915 [main] INFO  TestCases.TC1_Login - * click on the login button *
11:49:51.371 [main] INFO  TestCases.TC1_Login - **** Login Application Logs ***
11:49:51.374 [main] INFO  TestCases.TC1_Login - **** Start the testcase login ***
11:49:51.781 [main] INFO  TestCases.TC1_Login - * Username Enterd done *
11:49:51.992 [main] INFO  TestCases.TC1_Login - * Password Enterd done *
11:49:53.160 [main] INFO  TestCases.TC1_Login - * click on the login button *
11:56:01.547 [main] INFO  TestCases.TC1_Login - **** Login Application Logs ***
11:56:01.551 [main] INFO  TestCases.TC1_Login - **** Start the testcase login ***
11:56:01.945 [main] INFO  TestCases.TC1_Login - * Username Enterd done *
11:56:02.172 [main] INFO  TestCases.TC1_Login - * Password Enterd done *
11:56:03.501 [main] INFO  TestCases.TC1_Login - * click on the login button *
22:03:55.263 [main] INFO  TestCases.TC1_Login - **** Login Application Logs ***
22:03:55.268 [main] INFO  TestCases.TC1_Login - **** Start the testcase login ***
22:03:55.540 [main] INFO  TestCases.TC1_Login - * Username Enterd done *
22:03:55.715 [main] INFO  TestCases.TC1_Login - * Password Enterd done *
22:03:57.168 [main] INFO  TestCases.TC1_Login - * click on the login button *
15:24:30.489 [main] INFO  TestCases.TC1_Login - **** Login Application Logs ***
15:24:30.500 [main] INFO  TestCases.TC1_Login - **** Start the testcase login ***
15:24:31.046 [main] INFO  TestCases.TC1_Login - * Username Enterd done *
15:24:31.201 [main] INFO  TestCases.TC1_Login - * Password Enterd done *
15:24:32.403 [main] INFO  TestCases.TC1_Login - * click on the login button *
15:34:00.977 [main] INFO  TestCases.TC1_Login - **** Login Application Logs ***
15:34:00.983 [main] INFO  TestCases.TC1_Login - **** Start the testcase login ***
15:34:01.398 [main] INFO  TestCases.TC1_Login - * Username Enterd done *
15:34:01.628 [main] INFO  TestCases.TC1_Login - * Password Enterd done *
15:34:02.898 [main] INFO  TestCases.TC1_Login - * click on the login button *
15:38:20.724 [main] INFO  TestCases.TC1_Login - **** Login Application Logs ***
15:38:20.729 [main] INFO  TestCases.TC1_Login - **** Start the testcase login ***
15:38:21.387 [main] INFO  TestCases.TC1_Login - * Username Enterd done *
15:38:21.588 [main] INFO  TestCases.TC1_Login - * Password Enterd done *
15:38:22.905 [main] INFO  TestCases.TC1_Login - * click on the login button *
